# JRE version: Java(TM) SE Runtime Environment (8.0_92-b14) (build 1.8.0_92-b14)
# Java VM: Java HotSpot(TM) 64-Bit Server VM (25.92-b14 mixed mode windows-amd64 compressed oops)
Heap:
 PSYoungGen      total 494592K, used 389931K [0x00000000e0780000, 0x0000000100000000, 0x0000000100000000)
  eden space 476672K, 81% used [0x00000000e0780000,0x00000000f844afe0,0x00000000fd900000)
  from space 17920K, 0% used [0x00000000fee80000,0x00000000fee80000,0x0000000100000000)
  to   space 19968K, 0% used [0x00000000fd900000,0x00000000fd900000,0x00000000fec80000)
 ParOldGen       total 100352K, used 37696K [0x00000000a1600000, 0x00000000a7800000, 0x00000000e0780000)
  object space 100352K, 37% used [0x00000000a1600000,0x00000000a3ad0218,0x00000000a7800000)
 Metaspace       used 42994K, capacity 43404K, committed 43560K, reserved 1087488K
  class space    used 5524K, capacity 5655K, committed 5672K, reserved 1048576K
GC Heap History (10 events):
Event: 5.600 GC heap before
{Heap before GC invocations=8 (full 0):
 PSYoungGen      total 208384K, used 21193K [0x00000000e0780000, 0x00000000f9d80000, 0x0000000100000000)
  eden space 196608K, 6% used [0x00000000e0780000,0x00000000e14eaec8,0x00000000ec780000)
  from space 11776K, 63% used [0x00000000ec780000,0x00000000ecec75d8,0x00000000ed300000)
  to   space 11264K, 0% used [0x00000000f9280000,0x00000000f9280000,0x00000000f9d80000)
 ParOldGen       total 65536K, used 21237K [0x00000000a1600000, 0x00000000a5600000, 0x00000000e0780000)
  object space 65536K, 32% used [0x00000000a1600000,0x00000000a2abd760,0x00000000a5600000)
 Metaspace       used 20844K, capacity 21082K, committed 21296K, reserved 1069056K
  class space    used 2578K, capacity 2660K, committed 2688K, reserved 1048576K
Event: 5.612 GC heap after
Heap after GC invocations=8 (full 0):
 PSYoungGen      total 403968K, used 3442K [0x00000000e0780000, 0x00000000f9e80000, 0x0000000100000000)
  eden space 392704K, 0% used [0x00000000e0780000,0x00000000e0780000,0x00000000f8700000)
  from space 11264K, 30% used [0x00000000f9280000,0x00000000f95dcac0,0x00000000f9d80000)
  to   space 11776K, 0% used [0x00000000f8700000,0x00000000f8700000,0x00000000f9280000)
 ParOldGen       total 65536K, used 21585K [0x00000000a1600000, 0x00000000a5600000, 0x00000000e0780000)
  object space 65536K, 32% used [0x00000000a1600000,0x00000000a2b14780,0x00000000a5600000)
 Metaspace       used 20844K, capacity 21082K, committed 21296K, reserved 1069056K
  class space    used 2578K, capacity 2660K, committed 2688K, reserved 1048576K
}
Event: 5.612 GC heap before
{Heap before GC invocations=9 (full 1):
 PSYoungGen      total 403968K, used 3442K [0x00000000e0780000, 0x00000000f9e80000, 0x0000000100000000)
  eden space 392704K, 0% used [0x00000000e0780000,0x00000000e0780000,0x00000000f8700000)
  from space 11264K, 30% used [0x00000000f9280000,0x00000000f95dcac0,0x00000000f9d80000)
  to   space 11776K, 0% used [0x00000000f8700000,0x00000000f8700000,0x00000000f9280000)
 ParOldGen       total 65536K, used 21585K [0x00000000a1600000, 0x00000000a5600000, 0x00000000e0780000)
  object space 65536K, 32% used [0x00000000a1600000,0x00000000a2b14780,0x00000000a5600000)
 Metaspace       used 20844K, capacity 21082K, committed 21296K, reserved 1069056K
  class space    used 2578K, capacity 2660K, committed 2688K, reserved 1048576K
Event: 5.727 GC heap after
Heap after GC invocations=9 (full 1):
 PSYoungGen      total 403968K, used 0K [0x00000000e0780000, 0x00000000f9e80000, 0x0000000100000000)
  eden space 392704K, 0% used [0x00000000e0780000,0x00000000e0780000,0x00000000f8700000)
  from space 11264K, 0% used [0x00000000f9280000,0x00000000f9280000,0x00000000f9d80000)
  to   space 11776K, 0% used [0x00000000f8700000,0x00000000f8700000,0x00000000f9280000)
 ParOldGen       total 61952K, used 19573K [0x00000000a1600000, 0x00000000a5280000, 0x00000000e0780000)
  object space 61952K, 31% used [0x00000000a1600000,0x00000000a291d7b8,0x00000000a5280000)
 Metaspace       used 20840K, capacity 21076K, committed 21296K, reserved 1069056K
  class space    used 2578K, capacity 2659K, committed 2688K, reserved 1048576K
}
Event: 11.974 GC heap before
{Heap before GC invocations=10 (full 1):
 PSYoungGen      total 403968K, used 392704K [0x00000000e0780000, 0x00000000f9e80000, 0x0000000100000000)
  eden space 392704K, 100% used [0x00000000e0780000,0x00000000f8700000,0x00000000f8700000)
  from space 11264K, 0% used [0x00000000f9280000,0x00000000f9280000,0x00000000f9d80000)
  to   space 11776K, 0% used [0x00000000f8700000,0x00000000f8700000,0x00000000f9280000)
 ParOldGen       total 61952K, used 19573K [0x00000000a1600000, 0x00000000a5280000, 0x00000000e0780000)
  object space 61952K, 31% used [0x00000000a1600000,0x00000000a291d7b8,0x00000000a5280000)
 Metaspace       used 27183K, capacity 27498K, committed 27776K, reserved 1073152K
  class space    used 3350K, capacity 3452K, committed 3456K, reserved 1048576K
Event: 12.013 GC heap after
Heap after GC invocations=10 (full 1):
 PSYoungGen      total 404480K, used 11753K [0x00000000e0780000, 0x0000000100000000, 0x0000000100000000)
  eden space 392704K, 0% used [0x00000000e0780000,0x00000000e0780000,0x00000000f8700000)
  from space 11776K, 99% used [0x00000000f8700000,0x00000000f927a468,0x00000000f9280000)
  to   space 17920K, 0% used [0x00000000fee80000,0x00000000fee80000,0x0000000100000000)
 ParOldGen       total 61952K, used 31160K [0x00000000a1600000, 0x00000000a5280000, 0x00000000e0780000)
  object space 61952K, 50% used [0x00000000a1600000,0x00000000a346e130,0x00000000a5280000)
 Metaspace       used 27183K, capacity 27498K, committed 27776K, reserved 1073152K
  class space    used 3350K, capacity 3452K, committed 3456K, reserved 1048576K
}
Event: 15.001 GC heap before
{Heap before GC invocations=11 (full 1):
 PSYoungGen      total 404480K, used 359341K [0x00000000e0780000, 0x0000000100000000, 0x0000000100000000)
  eden space 392704K, 88% used [0x00000000e0780000,0x00000000f5af1170,0x00000000f8700000)
  from space 11776K, 99% used [0x00000000f8700000,0x00000000f927a468,0x00000000f9280000)
  to   space 17920K, 0% used [0x00000000fee80000,0x00000000fee80000,0x0000000100000000)
 ParOldGen       total 61952K, used 31160K [0x00000000a1600000, 0x00000000a5280000, 0x00000000e0780000)
  object space 61952K, 50% used [0x00000000a1600000,0x00000000a346e130,0x00000000a5280000)
 Metaspace       used 35051K, capacity 35364K, committed 35496K, reserved 1081344K
  class space    used 4388K, capacity 4511K, committed 4520K, reserved 1048576K
Event: 15.024 GC heap after
Heap after GC invocations=11 (full 1):
 PSYoungGen      total 494592K, used 17186K [0x00000000e0780000, 0x0000000100000000, 0x0000000100000000)
  eden space 476672K, 0% used [0x00000000e0780000,0x00000000e0780000,0x00000000fd900000)
  from space 17920K, 95% used [0x00000000fee80000,0x00000000fff48a40,0x0000000100000000)
  to   space 19968K, 0% used [0x00000000fd900000,0x00000000fd900000,0x00000000fec80000)
 ParOldGen       total 61952K, used 31168K [0x00000000a1600000, 0x00000000a5280000, 0x00000000e0780000)
  object space 61952K, 50% used [0x00000000a1600000,0x00000000a3470130,0x00000000a5280000)
 Metaspace       used 35051K, capacity 35364K, committed 35496K, reserved 1081344K
  class space    used 4388K, capacity 4511K, committed 4520K, reserved 1048576K
}
Event: 15.024 GC heap before
{Heap before GC invocations=12 (full 2):
 PSYoungGen      total 494592K, used 17186K [0x00000000e0780000, 0x0000000100000000, 0x0000000100000000)
  eden space 476672K, 0% used [0x00000000e0780000,0x00000000e0780000,0x00000000fd900000)
  from space 17920K, 95% used [0x00000000fee80000,0x00000000fff48a40,0x0000000100000000)
  to   space 19968K, 0% used [0x00000000fd900000,0x00000000fd900000,0x00000000fec80000)
 ParOldGen       total 61952K, used 31168K [0x00000000a1600000, 0x00000000a5280000, 0x00000000e0780000)
  object space 61952K, 50% used [0x00000000a1600000,0x00000000a3470130,0x00000000a5280000)
 Metaspace       used 35051K, capacity 35364K, committed 35496K, reserved 1081344K
  class space    used 4388K, capacity 4511K, committed 4520K, reserved 1048576K
Event: 15.200 GC heap after
Heap after GC invocations=12 (full 2):
 PSYoungGen      total 494592K, used 0K [0x00000000e0780000, 0x0000000100000000, 0x0000000100000000)
  eden space 476672K, 0% used [0x00000000e0780000,0x00000000e0780000,0x00000000fd900000)
  from space 17920K, 0% used [0x00000000fee80000,0x00000000fee80000,0x0000000100000000)
  to   space 19968K, 0% used [0x00000000fd900000,0x00000000fd900000,0x00000000fec80000)
 ParOldGen       total 100352K, used 37696K [0x00000000a1600000, 0x00000000a7800000, 0x00000000e0780000)
  object space 100352K, 37% used [0x00000000a1600000,0x00000000a3ad0218,0x00000000a7800000)
 Metaspace       used 35051K, capacity 35364K, committed 35496K, reserved 1081344K
  class space    used 4388K, capacity 4511K, committed 4520K, reserved 1048576K
}

