# JRE version: Java(TM) SE Runtime Environment (8.0_92-b14) (build 1.8.0_92-b14)
# Java VM: Java HotSpot(TM) 64-Bit Server VM (25.92-b14 mixed mode windows-amd64 compressed oops)
Heap:
 PSYoungGen      total 204288K, used 118253K [0x00000000e0780000, 0x00000000f0b00000, 0x0000000100000000)
  eden space 196608K, 56% used [0x00000000e0780000,0x00000000e73818b0,0x00000000ec780000)
  from space 7680K, 99% used [0x00000000ec780000,0x00000000ecef9e40,0x00000000ecf00000)
  to   space 8704K, 0% used [0x00000000f0280000,0x00000000f0280000,0x00000000f0b00000)
 ParOldGen       total 59392K, used 19189K [0x00000000a1600000, 0x00000000a5000000, 0x00000000e0780000)
  object space 59392K, 32% used [0x00000000a1600000,0x00000000a28bd4c8,0x00000000a5000000)
 Metaspace       used 28382K, capacity 28660K, committed 28928K, reserved 1075200K
  class space    used 3421K, capacity 3496K, committed 3584K, reserved 1048576K
GC Heap History (10 events):
Event: 4.141 GC heap before
{Heap before GC invocations=6 (full 0):
 PSYoungGen      total 102400K, used 102400K [0x00000000e0780000, 0x00000000ed680000, 0x0000000100000000)
  eden space 98304K, 100% used [0x00000000e0780000,0x00000000e6780000,0x00000000e6780000)
  from space 4096K, 100% used [0x00000000e6780000,0x00000000e6b80000,0x00000000e6b80000)
  to   space 7680K, 0% used [0x00000000ecf00000,0x00000000ecf00000,0x00000000ed680000)
 ParOldGen       total 65536K, used 10139K [0x00000000a1600000, 0x00000000a5600000, 0x00000000e0780000)
  object space 65536K, 15% used [0x00000000a1600000,0x00000000a1fe6e88,0x00000000a5600000)
 Metaspace       used 11928K, capacity 12128K, committed 12288K, reserved 1060864K
  class space    used 1465K, capacity 1514K, committed 1536K, reserved 1048576K
Event: 4.156 GC heap after
Heap after GC invocations=6 (full 0):
 PSYoungGen      total 204288K, used 5956K [0x00000000e0780000, 0x00000000ed680000, 0x0000000100000000)
  eden space 196608K, 0% used [0x00000000e0780000,0x00000000e0780000,0x00000000ec780000)
  from space 7680K, 77% used [0x00000000ecf00000,0x00000000ed4d1098,0x00000000ed680000)
  to   space 7680K, 0% used [0x00000000ec780000,0x00000000ec780000,0x00000000ecf00000)
 ParOldGen       total 65536K, used 10139K [0x00000000a1600000, 0x00000000a5600000, 0x00000000e0780000)
  object space 65536K, 15% used [0x00000000a1600000,0x00000000a1fe6e88,0x00000000a5600000)
 Metaspace       used 11928K, capacity 12128K, committed 12288K, reserved 1060864K
  class space    used 1465K, capacity 1514K, committed 1536K, reserved 1048576K
}
Event: 6.384 GC heap before
{Heap before GC invocations=7 (full 0):
 PSYoungGen      total 204288K, used 202564K [0x00000000e0780000, 0x00000000ed680000, 0x0000000100000000)
  eden space 196608K, 100% used [0x00000000e0780000,0x00000000ec780000,0x00000000ec780000)
  from space 7680K, 77% used [0x00000000ecf00000,0x00000000ed4d1098,0x00000000ed680000)
  to   space 7680K, 0% used [0x00000000ec780000,0x00000000ec780000,0x00000000ecf00000)
 ParOldGen       total 65536K, used 10139K [0x00000000a1600000, 0x00000000a5600000, 0x00000000e0780000)
  object space 65536K, 15% used [0x00000000a1600000,0x00000000a1fe6e88,0x00000000a5600000)
 Metaspace       used 16113K, capacity 16324K, committed 16512K, reserved 1062912K
  class space    used 2011K, capacity 2096K, committed 2176K, reserved 1048576K
Event: 6.404 GC heap after
Heap after GC invocations=7 (full 0):
 PSYoungGen      total 204288K, used 6425K [0x00000000e0780000, 0x00000000ed680000, 0x0000000100000000)
  eden space 196608K, 0% used [0x00000000e0780000,0x00000000e0780000,0x00000000ec780000)
  from space 7680K, 83% used [0x00000000ec780000,0x00000000ecdc6640,0x00000000ecf00000)
  to   space 7680K, 0% used [0x00000000ecf00000,0x00000000ecf00000,0x00000000ed680000)
 ParOldGen       total 65536K, used 13037K [0x00000000a1600000, 0x00000000a5600000, 0x00000000e0780000)
  object space 65536K, 19% used [0x00000000a1600000,0x00000000a22bb6d8,0x00000000a5600000)
 Metaspace       used 16113K, capacity 16324K, committed 16512K, reserved 1062912K
  class space    used 2011K, capacity 2096K, committed 2176K, reserved 1048576K
}
Event: 7.914 GC heap before
{Heap before GC invocations=8 (full 0):
 PSYoungGen      total 204288K, used 83950K [0x00000000e0780000, 0x00000000ed680000, 0x0000000100000000)
  eden space 196608K, 39% used [0x00000000e0780000,0x00000000e53354d8,0x00000000ec780000)
  from space 7680K, 83% used [0x00000000ec780000,0x00000000ecdc6640,0x00000000ecf00000)
  to   space 7680K, 0% used [0x00000000ecf00000,0x00000000ecf00000,0x00000000ed680000)
 ParOldGen       total 65536K, used 13037K [0x00000000a1600000, 0x00000000a5600000, 0x00000000e0780000)
  object space 65536K, 19% used [0x00000000a1600000,0x00000000a22bb6d8,0x00000000a5600000)
 Metaspace       used 20897K, capacity 21084K, committed 21296K, reserved 1069056K
  class space    used 2540K, capacity 2596K, committed 2688K, reserved 1048576K
Event: 7.932 GC heap after
Heap after GC invocations=8 (full 0):
 PSYoungGen      total 204288K, used 6552K [0x00000000e0780000, 0x00000000ed680000, 0x0000000100000000)
  eden space 196608K, 0% used [0x00000000e0780000,0x00000000e0780000,0x00000000ec780000)
  from space 7680K, 85% used [0x00000000ecf00000,0x00000000ed5661e8,0x00000000ed680000)
  to   space 7680K, 0% used [0x00000000ec780000,0x00000000ec780000,0x00000000ecf00000)
 ParOldGen       total 65536K, used 14086K [0x00000000a1600000, 0x00000000a5600000, 0x00000000e0780000)
  object space 65536K, 21% used [0x00000000a1600000,0x00000000a23c18c0,0x00000000a5600000)
 Metaspace       used 20897K, capacity 21084K, committed 21296K, reserved 1069056K
  class space    used 2540K, capacity 2596K, committed 2688K, reserved 1048576K
}
Event: 7.932 GC heap before
{Heap before GC invocations=9 (full 1):
 PSYoungGen      total 204288K, used 6552K [0x00000000e0780000, 0x00000000ed680000, 0x0000000100000000)
  eden space 196608K, 0% used [0x00000000e0780000,0x00000000e0780000,0x00000000ec780000)
  from space 7680K, 85% used [0x00000000ecf00000,0x00000000ed5661e8,0x00000000ed680000)
  to   space 7680K, 0% used [0x00000000ec780000,0x00000000ec780000,0x00000000ecf00000)
 ParOldGen       total 65536K, used 14086K [0x00000000a1600000, 0x00000000a5600000, 0x00000000e0780000)
  object space 65536K, 21% used [0x00000000a1600000,0x00000000a23c18c0,0x00000000a5600000)
 Metaspace       used 20897K, capacity 21084K, committed 21296K, reserved 1069056K
  class space    used 2540K, capacity 2596K, committed 2688K, reserved 1048576K
Event: 8.062 GC heap after
Heap after GC invocations=9 (full 1):
 PSYoungGen      total 204288K, used 0K [0x00000000e0780000, 0x00000000ed680000, 0x0000000100000000)
  eden space 196608K, 0% used [0x00000000e0780000,0x00000000e0780000,0x00000000ec780000)
  from space 7680K, 0% used [0x00000000ecf00000,0x00000000ecf00000,0x00000000ed680000)
  to   space 7680K, 0% used [0x00000000ec780000,0x00000000ec780000,0x00000000ecf00000)
 ParOldGen       total 59392K, used 17814K [0x00000000a1600000, 0x00000000a5000000, 0x00000000e0780000)
  object space 59392K, 29% used [0x00000000a1600000,0x00000000a2765be0,0x00000000a5000000)
 Metaspace       used 20897K, capacity 21084K, committed 21296K, reserved 1069056K
  class space    used 2540K, capacity 2596K, committed 2688K, reserved 1048576K
}
Event: 10.317 GC heap before
{Heap before GC invocations=10 (full 1):
 PSYoungGen      total 204288K, used 196608K [0x00000000e0780000, 0x00000000ed680000, 0x0000000100000000)
  eden space 196608K, 100% used [0x00000000e0780000,0x00000000ec780000,0x00000000ec780000)
  from space 7680K, 0% used [0x00000000ecf00000,0x00000000ecf00000,0x00000000ed680000)
  to   space 7680K, 0% used [0x00000000ec780000,0x00000000ec780000,0x00000000ecf00000)
 ParOldGen       total 59392K, used 17814K [0x00000000a1600000, 0x00000000a5000000, 0x00000000e0780000)
  object space 59392K, 29% used [0x00000000a1600000,0x00000000a2765be0,0x00000000a5000000)
 Metaspace       used 25358K, capacity 25582K, committed 25728K, reserved 1071104K
  class space    used 3103K, capacity 3175K, committed 3200K, reserved 1048576K
Event: 10.332 GC heap after
Heap after GC invocations=10 (full 1):
 PSYoungGen      total 204288K, used 7655K [0x00000000e0780000, 0x00000000f0b00000, 0x0000000100000000)
  eden space 196608K, 0% used [0x00000000e0780000,0x00000000e0780000,0x00000000ec780000)
  from space 7680K, 99% used [0x00000000ec780000,0x00000000ecef9e40,0x00000000ecf00000)
  to   space 8704K, 0% used [0x00000000f0280000,0x00000000f0280000,0x00000000f0b00000)
 ParOldGen       total 59392K, used 19189K [0x00000000a1600000, 0x00000000a5000000, 0x00000000e0780000)
  object space 59392K, 32% used [0x00000000a1600000,0x00000000a28bd4c8,0x00000000a5000000)
 Metaspace       used 25358K, capacity 25582K, committed 25728K, reserved 1071104K
  class space    used 3103K, capacity 3175K, committed 3200K, reserved 1048576K
}

